<?xml version='1.1' encoding='UTF-8'?>
<result plugin="junit@1.24">
  <suites>
    <suite>
      <file>/var/lib/jenkins/workspace/python-pipeline/test-reports/results.xml</file>
      <name>pytest</name>
      <duration>0.017</duration>
      <time>0.017</time>
      <nodeId>35</nodeId>
      <enclosingBlocks>
        <string>24</string>
      </enclosingBlocks>
      <enclosingBlockNames>
        <string>Test</string>
      </enclosingBlockNames>
      <cases>
        <case>
          <duration>6.439686E-4</duration>
          <className>sources.test_calc.TestCalc</className>
          <testName>test_add_floats</testName>
          <skipped>false</skipped>
          <failedSince>0</failedSince>
        </case>
        <case>
          <duration>5.130768E-4</duration>
          <className>sources.test_calc.TestCalc</className>
          <testName>test_add_integers</testName>
          <skipped>false</skipped>
          <failedSince>0</failedSince>
        </case>
        <case>
          <duration>5.6505203E-4</duration>
          <className>sources.test_calc.TestCalc</className>
          <testName>test_add_string_and_integer</testName>
          <skipped>false</skipped>
          <failedSince>0</failedSince>
        </case>
        <case>
          <duration>5.4097176E-4</duration>
          <className>sources.test_calc.TestCalc</className>
          <testName>test_add_string_and_number</testName>
          <skipped>false</skipped>
          <failedSince>0</failedSince>
        </case>
        <case>
          <duration>5.300045E-4</duration>
          <className>sources.test_calc.TestCalc</className>
          <testName>test_add_strings</testName>
          <skipped>false</skipped>
          <failedSince>0</failedSince>
        </case>
      </cases>
    </suite>
  </suites>
  <duration>0.017</duration>
  <keepLongStdio>false</keepLongStdio>
</result>